0 info it worked if it ends with ok
1 verbose cli [ '/usr/local/bin/iojs',
1 verbose cli   '/usr/local/bin/npm',
1 verbose cli   'install',
1 verbose cli   '-g',
1 verbose cli   'bower' ]
2 info using npm@2.14.3
3 info using node@v3.3.1
4 verbose install initial load of /usr/local/lib/package.json
5 verbose readDependencies loading dependencies from /usr/local/lib/package.json
6 silly cache add args [ 'bower', null ]
7 verbose cache add spec bower
8 silly cache add parsed spec Result {
8 silly cache add   raw: 'bower',
8 silly cache add   scope: null,
8 silly cache add   name: 'bower',
8 silly cache add   rawSpec: '',
8 silly cache add   spec: '*',
8 silly cache add   type: 'range' }
9 silly addNamed bower@*
10 verbose addNamed "*" is a valid semver range for bower
11 silly addNameRange { name: 'bower', range: '*', hasData: false }
12 silly mapToRegistry name bower
13 silly mapToRegistry using default registry
14 silly mapToRegistry registry https://registry.npmjs.org/
15 silly mapToRegistry uri https://registry.npmjs.org/bower
16 verbose addNameRange registry:https://registry.npmjs.org/bower not in flight; fetching
17 verbose request uri https://registry.npmjs.org/bower
18 verbose request no auth needed
19 info attempt registry request try #1 at 12:29:03 AM
20 verbose request id 75a510973276069a
21 http request GET https://registry.npmjs.org/bower
22 http 200 https://registry.npmjs.org/bower
23 silly get cb [ 200,
23 silly get   { server: 'CouchDB/1.5.0 (Erlang OTP/R16B03)',
23 silly get     etag: '"3U4WOJBASTHYQGVH036LX6AR8"',
23 silly get     'content-type': 'application/json',
23 silly get     'cache-control': 'max-age=60',
23 silly get     'content-length': '129706',
23 silly get     'accept-ranges': 'bytes',
23 silly get     date: 'Sat, 17 Oct 2015 05:29:03 GMT',
23 silly get     via: '1.1 varnish',
23 silly get     age: '32',
23 silly get     connection: 'keep-alive',
23 silly get     'x-served-by': 'cache-ord1730-ORD',
23 silly get     'x-cache': 'HIT',
23 silly get     'x-cache-hits': '1',
23 silly get     'x-timer': 'S1445059743.185705,VS0,VE0',
23 silly get     vary: 'Accept' } ]
24 verbose get saving bower to /Users/jeffreyli/.npm/registry.npmjs.org/bower/.cache.json
25 verbose makeDirectory /Users/jeffreyli/.npm creation not in flight; initializing
26 silly makeDirectory /Users/jeffreyli/.npm uid: 501 gid: 20
27 silly addNameRange number 2 { name: 'bower', range: '*', hasData: true }
28 silly addNameRange versions [ 'bower',
28 silly addNameRange   [ '0.1.0',
28 silly addNameRange     '0.1.2',
28 silly addNameRange     '0.1.3',
28 silly addNameRange     '0.2.0',
28 silly addNameRange     '0.3.0',
28 silly addNameRange     '0.3.1',
28 silly addNameRange     '0.3.2',
28 silly addNameRange     '0.4.0',
28 silly addNameRange     '0.5.0',
28 silly addNameRange     '0.5.1',
28 silly addNameRange     '0.6.0',
28 silly addNameRange     '0.6.1',
28 silly addNameRange     '0.6.2',
28 silly addNameRange     '0.6.3',
28 silly addNameRange     '0.6.4',
28 silly addNameRange     '0.6.5',
28 silly addNameRange     '0.6.6',
28 silly addNameRange     '0.6.7',
28 silly addNameRange     '0.6.8',
28 silly addNameRange     '0.7.0',
28 silly addNameRange     '0.7.1',
28 silly addNameRange     '0.8.0',
28 silly addNameRange     '0.8.1',
28 silly addNameRange     '0.8.2',
28 silly addNameRange     '0.8.3',
28 silly addNameRange     '0.8.4',
28 silly addNameRange     '0.8.5',
28 silly addNameRange     '0.8.6',
28 silly addNameRange     '0.9.0',
28 silly addNameRange     '0.9.1',
28 silly addNameRange     '0.9.2',
28 silly addNameRange     '0.10.0',
28 silly addNameRange     '1.0.0',
28 silly addNameRange     '1.0.1',
28 silly addNameRange     '1.0.2',
28 silly addNameRange     '1.0.3',
28 silly addNameRange     '1.1.0',
28 silly addNameRange     '1.1.1',
28 silly addNameRange     '1.1.2',
28 silly addNameRange     '1.2.0',
28 silly addNameRange     '1.2.1',
28 silly addNameRange     '1.2.2',
28 silly addNameRange     '1.2.3',
28 silly addNameRange     '1.2.4',
28 silly addNameRange     '1.2.5',
28 silly addNameRange     '1.2.6',
28 silly addNameRange     '1.2.7',
28 silly addNameRange     '1.2.8',
28 silly addNameRange     '1.3.0',
28 silly addNameRange     '1.3.1',
28 silly addNameRange     '1.3.2',
28 silly addNameRange     '1.3.3',
28 silly addNameRange     '1.3.4',
28 silly addNameRange     '1.3.5',
28 silly addNameRange     '1.3.6',
28 silly addNameRange     '1.3.7',
28 silly addNameRange     '1.3.8',
28 silly addNameRange     '1.3.9',
28 silly addNameRange     '1.3.10',
28 silly addNameRange     '1.3.11',
28 silly addNameRange     '1.3.12',
28 silly addNameRange     '1.4.0',
28 silly addNameRange     '1.4.1',
28 silly addNameRange     '1.5.0',
28 silly addNameRange     '1.5.1',
28 silly addNameRange     '1.5.2',
28 silly addNameRange     '1.5.3',
28 silly addNameRange     '1.6.2',
28 silly addNameRange     '1.6.3' ] ]
29 silly addNamed bower@1.6.3
30 verbose addNamed "1.6.3" is a plain semver version for bower
31 silly mapToRegistry name bower
32 silly mapToRegistry using default registry
33 silly mapToRegistry registry https://registry.npmjs.org/
34 silly mapToRegistry uri https://registry.npmjs.org/bower
35 verbose addRemoteTarball https://registry.npmjs.org/bower/-/bower-1.6.3.tgz not in flight; adding
36 verbose addRemoteTarball [ 'https://registry.npmjs.org/bower/-/bower-1.6.3.tgz',
36 verbose addRemoteTarball   '70ab999e25dec5c078afcaf545a991f683dc1ea6' ]
37 info retry fetch attempt 1 at 12:29:04 AM
38 info attempt registry request try #1 at 12:29:04 AM
39 http fetch GET https://registry.npmjs.org/bower/-/bower-1.6.3.tgz
40 http fetch 200 https://registry.npmjs.org/bower/-/bower-1.6.3.tgz
41 silly fetchAndShaCheck shasum 70ab999e25dec5c078afcaf545a991f683dc1ea6
42 verbose addTmpTarball /var/folders/05/sx_xf8nj0b75spy55l4m9l8r0000gn/T/npm-32250-ad3cac7a/registry.npmjs.org/bower/-/bower-1.6.3.tgz not in flight; adding
43 verbose addTmpTarball already have metadata; skipping unpack for bower@1.6.3
44 silly cache afterAdd bower@1.6.3
45 verbose afterAdd /Users/jeffreyli/.npm/bower/1.6.3/package/package.json not in flight; writing
46 verbose afterAdd /Users/jeffreyli/.npm/bower/1.6.3/package/package.json written
47 silly install resolved [ { name: 'bower',
47 silly install resolved     version: '1.6.3',
47 silly install resolved     description: 'The browser package manager',
47 silly install resolved     author: { name: 'Twitter' },
47 silly install resolved     license: 'MIT',
47 silly install resolved     repository: { type: 'git', url: 'git+https://github.com/bower/bower.git' },
47 silly install resolved     main: 'lib',
47 silly install resolved     homepage: 'http://bower.io',
47 silly install resolved     engines: { node: '>=0.10.0' },
47 silly install resolved     keywords: [ 'bower' ],
47 silly install resolved     dependencies:
47 silly install resolved      { abbrev: '^1.0.5',
47 silly install resolved        archy: '1.0.0',
47 silly install resolved        'bower-config': '^1.2.2',
47 silly install resolved        'bower-endpoint-parser': '^0.2.2',
47 silly install resolved        'bower-json': '^0.4.0',
47 silly install resolved        'bower-logger': '^0.2.2',
47 silly install resolved        'bower-registry-client': '^1.0.0',
47 silly install resolved        cardinal: '0.4.4',
47 silly install resolved        chalk: '^1.0.0',
47 silly install resolved        chmodr: '^1.0.2',
47 silly install resolved        configstore: '^0.3.2',
47 silly install resolved        'decompress-zip': '^0.1.0',
47 silly install resolved        destroy: '^1.0.3',
47 silly install resolved        'fs-write-stream-atomic': '^1.0.4',
47 silly install resolved        fstream: '^1.0.3',
47 silly install resolved        'fstream-ignore': '^1.0.2',
47 silly install resolved        github: '^0.2.3',
47 silly install resolved        glob: '^4.3.2',
47 silly install resolved        'graceful-fs': '^3.0.5',
47 silly install resolved        handlebars: '^2.0.0',
47 silly install resolved        inquirer: '0.10.0',
47 silly install resolved        insight: '^0.7.0',
47 silly install resolved        'is-root': '^1.0.0',
47 silly install resolved        junk: '^1.0.0',
47 silly install resolved        lockfile: '^1.0.0',
47 silly install resolved        'lru-cache': '^2.5.0',
47 silly install resolved        'md5-hex': '^1.0.2',
47 silly install resolved        mkdirp: '0.5.0',
47 silly install resolved        mout: '^0.11.0',
47 silly install resolved        nopt: '^3.0.1',
47 silly install resolved        opn: '^1.0.1',
47 silly install resolved        'p-throttler': '0.1.1',
47 silly install resolved        promptly: '0.2.0',
47 silly install resolved        q: '^1.1.2',
47 silly install resolved        request: '2.53.0',
47 silly install resolved        'request-progress': '0.3.1',
47 silly install resolved        retry: '0.6.1',
47 silly install resolved        rimraf: '^2.2.8',
47 silly install resolved        semver: '^2.3.0',
47 silly install resolved        'shell-quote': '^1.4.2',
47 silly install resolved        'stringify-object': '^1.0.0',
47 silly install resolved        'tar-fs': '^1.4.1',
47 silly install resolved        tmp: '0.0.24',
47 silly install resolved        'update-notifier': '^0.3.0',
47 silly install resolved        'user-home': '^1.1.0',
47 silly install resolved        which: '^1.0.8' },
47 silly install resolved     devDependencies:
47 silly install resolved      { chai: '^1.10.0',
47 silly install resolved        coveralls: '^2.11.2',
47 silly install resolved        'expect.js': '^0.3.1',
47 silly install resolved        grunt: '^0.4.5',
47 silly install resolved        'grunt-cli': '^0.1.13',
47 silly install resolved        'grunt-contrib-jshint': '^0.10.0',
47 silly install resolved        'grunt-contrib-watch': '^0.6.1',
47 silly install resolved        'grunt-exec': '^0.4.6',
47 silly install resolved        'grunt-simple-mocha': '^0.4.0',
47 silly install resolved        istanbul: '^0.3.5',
47 silly install resolved        'load-grunt-tasks': '^2.0.0',
47 silly install resolved        mocha: '^2.1.0',
47 silly install resolved        multiline: '^1.0.2',
47 silly install resolved        nock: '^2.13.0',
47 silly install resolved        'node-uuid': '^1.4.2',
47 silly install resolved        'npm-shrinkwrap': '^5.4.1',
47 silly install resolved        proxyquire: '^1.3.0',
47 silly install resolved        'spawn-sync': '^1.0.5' },
47 silly install resolved     scripts: { test: 'grunt test' },
47 silly install resolved     bin: { bower: 'bin/bower' },
47 silly install resolved     files: [ 'bin', 'lib', 'templates' ],
47 silly install resolved     gitHead: '2330d59ffa8f4f543a9f6ee4b0301e396236bf45',
47 silly install resolved     bugs: { url: 'https://github.com/bower/bower/issues' },
47 silly install resolved     bundleDependencies:
47 silly install resolved      [ 'abbrev',
47 silly install resolved        'archy',
47 silly install resolved        'bower-config',
47 silly install resolved        'bower-endpoint-parser',
47 silly install resolved        'bower-json',
47 silly install resolved        'bower-logger',
47 silly install resolved        'bower-registry-client',
47 silly install resolved        'cardinal',
47 silly install resolved        'chalk',
47 silly install resolved        'chmodr',
47 silly install resolved        'configstore',
47 silly install resolved        'decompress-zip',
47 silly install resolved        'destroy',
47 silly install resolved        'fs-write-stream-atomic',
47 silly install resolved        'fstream',
47 silly install resolved        'fstream-ignore',
47 silly install resolved        'github',
47 silly install resolved        'glob',
47 silly install resolved        'graceful-fs',
47 silly install resolved        'handlebars',
47 silly install resolved        'inquirer',
47 silly install resolved        'insight',
47 silly install resolved        'is-root',
47 silly install resolved        'junk',
47 silly install resolved        'lockfile',
47 silly install resolved        'lru-cache',
47 silly install resolved        'md5-hex',
47 silly install resolved        'mkdirp',
47 silly install resolved        'mout',
47 silly install resolved        'nopt',
47 silly install resolved        'opn',
47 silly install resolved        'p-throttler',
47 silly install resolved        'promptly',
47 silly install resolved        'q',
47 silly install resolved        'request',
47 silly install resolved        'request-progress',
47 silly install resolved        'retry',
47 silly install resolved        'rimraf',
47 silly install resolved        'semver',
47 silly install resolved        'shell-quote',
47 silly install resolved        'stringify-object',
47 silly install resolved        'tar-fs',
47 silly install resolved        'tmp',
47 silly install resolved        'update-notifier',
47 silly install resolved        'user-home',
47 silly install resolved        'which' ],
47 silly install resolved     _id: 'bower@1.6.3',
47 silly install resolved     _shasum: '70ab999e25dec5c078afcaf545a991f683dc1ea6',
47 silly install resolved     _from: 'bower@*',
47 silly install resolved     _npmVersion: '2.14.7',
47 silly install resolved     _nodeVersion: '4.1.1',
47 silly install resolved     _npmUser: { name: 'sheerun', email: 'sheerun@sher.pl' },
47 silly install resolved     dist:
47 silly install resolved      { shasum: '70ab999e25dec5c078afcaf545a991f683dc1ea6',
47 silly install resolved        tarball: 'http://registry.npmjs.org/bower/-/bower-1.6.3.tgz' },
47 silly install resolved     maintainers: [ [Object], [Object], [Object], [Object], [Object], [Object] ],
47 silly install resolved     directories: {},
47 silly install resolved     _resolved: 'https://registry.npmjs.org/bower/-/bower-1.6.3.tgz' } ]
48 info install bower@1.6.3 into /usr/local/lib
49 info installOne bower@1.6.3
50 verbose installOne of bower to /usr/local/lib not in flight; installing
51 verbose makeDirectory /Users/jeffreyli/.npm/_locks creation not in flight; initializing
52 silly makeDirectory /Users/jeffreyli/.npm/_locks uid: 501 gid: 20
53 verbose lock using /Users/jeffreyli/.npm/_locks/bower-e8debc5417026b57.lock for /usr/local/lib/node_modules/bower
54 silly install write writing bower 1.6.3 to /usr/local/lib/node_modules/bower
55 verbose unbuild lib/node_modules/bower
56 silly gentlyRm /usr/local/lib/node_modules/bower is being purged from base /usr/local
57 verbose gentlyRm don't care about contents; nuking /usr/local/lib/node_modules/bower
58 verbose tar unpack /Users/jeffreyli/.npm/bower/1.6.3/package.tgz
59 verbose tar unpacking to /usr/local/lib/node_modules/bower
60 silly gentlyRm /usr/local/lib/node_modules/bower is being purged
61 verbose gentlyRm don't care about contents; nuking /usr/local/lib/node_modules/bower
62 silly gunzTarPerm modes [ '755', '644' ]
63 error tar.unpack untar error /Users/jeffreyli/.npm/bower/1.6.3/package.tgz
64 verbose unlock done using /Users/jeffreyli/.npm/_locks/bower-e8debc5417026b57.lock for /usr/local/lib/node_modules/bower
65 verbose fstream_path /usr/local/lib/node_modules/bower
66 verbose fstream_type Directory
67 verbose fstream_class DirWriter
68 verbose stack Error: EACCES: permission denied, mkdir '/usr/local/lib/node_modules/bower'
68 verbose stack     at Error (native)
69 verbose fstream_stack /usr/local/lib/node_modules/npm/node_modules/fstream/lib/dir-writer.js:35:25
69 verbose fstream_stack /usr/local/lib/node_modules/npm/node_modules/mkdirp/index.js:47:53
69 verbose fstream_stack FSReqWrap.oncomplete (fs.js:82:15)
70 verbose cwd /Users/jeffreyli/Documents/School/Fall 2015/CS373-SWE/Projects/cs373-tbsa
71 error Darwin 15.0.0
72 error argv "/usr/local/bin/iojs" "/usr/local/bin/npm" "install" "-g" "bower"
73 error node v3.3.1
74 error npm  v2.14.3
75 error path /usr/local/lib/node_modules/bower
76 error code EACCES
77 error errno -13
78 error syscall mkdir
79 error Error: EACCES: permission denied, mkdir '/usr/local/lib/node_modules/bower'
79 error     at Error (native)
79 error  { [Error: EACCES: permission denied, mkdir '/usr/local/lib/node_modules/bower']
79 error   errno: -13,
79 error   code: 'EACCES',
79 error   syscall: 'mkdir',
79 error   path: '/usr/local/lib/node_modules/bower',
79 error   fstream_type: 'Directory',
79 error   fstream_path: '/usr/local/lib/node_modules/bower',
79 error   fstream_class: 'DirWriter',
79 error   fstream_stack:
79 error    [ '/usr/local/lib/node_modules/npm/node_modules/fstream/lib/dir-writer.js:35:25',
79 error      '/usr/local/lib/node_modules/npm/node_modules/mkdirp/index.js:47:53',
79 error      'FSReqWrap.oncomplete (fs.js:82:15)' ] }
80 error Please try running this command again as root/Administrator.
81 verbose exit [ -13, true ]
82 verbose unbuild lib/node_modules/bower
83 silly gentlyRm /usr/local/lib/node_modules/bower is being purged from base /usr/local
84 verbose gentlyRm don't care about contents; nuking /usr/local/lib/node_modules/bower
